<?xml version="1.0" encoding="UTF-8"?>
<!-- Generated by org.testng.reporters.JUnitReportReporter -->
<testsuite skipped="0" hostname="fedora" name="test.TestLoginWithPF" tests="1" failures="0" timestamp="08 Jun 2017 18:34:25 GMT" time="0.951" errors="0">
  <testcase name="test_Home_Page_Appear_Correct" time="0.951" classname="test.TestLoginWithPF"/>
</testsuite> <!-- test.TestLoginWithPF -->
